<?xml version="1.0" encoding="UTF-8"?>
<!-- Generated by org.testng.reporters.JUnitXMLReporter -->
<testsuite hostname="Anuj" name="Default test" tests="2" failures="0" timestamp="26 Mar 2017 11:10:52 GMT" time="151.611" errors="0">
  <testcase name="traverseanddisplay" time="106.634" classname="com.rbs.hackerearth.hackernews.HackerNewsScenario"/>
  <testcase name="traverseanddisplay" time="106.634" classname="com.rbs.hackerearth.hackernews.HackerNewsScenario"/>
</testsuite> <!-- Default test -->
