<?xml version="1.0" encoding="UTF-8"?>
<testng-results skipped="0" failed="0" total="1" passed="1">
  <reporter-output>
  </reporter-output>
  <suite name="Default suite" duration-ms="151611" started-at="2017-03-26T11:08:21Z" finished-at="2017-03-26T11:10:52Z">
    <groups>
    </groups>
    <test name="Default test" duration-ms="151611" started-at="2017-03-26T11:08:21Z" finished-at="2017-03-26T11:10:52Z">
      <class name="com.rbs.hackerearth.hackernews.HackerNewsScenario">
        <test-method status="PASS" signature="setUpClass()[pri:0, instance:com.rbs.hackerearth.hackernews.HackerNewsScenario@5bcab519]" name="setUpClass" is-config="true" duration-ms="815" started-at="2017-03-26T16:38:21Z" finished-at="2017-03-26T16:38:21Z">
          <reporter-output>
          </reporter-output>
        </test-method> <!-- setUpClass -->
        <test-method status="PASS" signature="init()[pri:0, instance:com.rbs.hackerearth.hackernews.HackerNewsScenario@5bcab519]" name="init" is-config="true" duration-ms="42547" started-at="2017-03-26T16:38:22Z" finished-at="2017-03-26T16:39:04Z">
          <reporter-output>
          </reporter-output>
        </test-method> <!-- init -->
        <test-method status="PASS" signature="traverseanddisplay()[pri:0, instance:com.rbs.hackerearth.hackernews.HackerNewsScenario@5bcab519]" name="traverseanddisplay" duration-ms="106634" started-at="2017-03-26T16:39:04Z" finished-at="2017-03-26T16:40:51Z">
          <reporter-output>
          </reporter-output>
        </test-method> <!-- traverseanddisplay -->
        <test-method status="PASS" signature="close()[pri:0, instance:com.rbs.hackerearth.hackernews.HackerNewsScenario@5bcab519]" name="close" is-config="true" duration-ms="1477" started-at="2017-03-26T16:40:51Z" finished-at="2017-03-26T16:40:52Z">
          <reporter-output>
          </reporter-output>
        </test-method> <!-- close -->
      </class> <!-- com.rbs.hackerearth.hackernews.HackerNewsScenario -->
    </test> <!-- Default test -->
  </suite> <!-- Default suite -->
</testng-results>
